<?xml version="1.0" encoding="UTF-8"?>
<!-- Generated by org.testng.reporters.JUnitReportReporter -->
<testsuite hostname="WIN-6ET41NIRQ95" failures="0" tests="1" name="Com.ORANGE.TestCases.TC_2" time="9.621" errors="0" timestamp="2023-11-26T22:42:03 PST" skipped="0">
  <testcase classname="Com.ORANGE.TestCases.TC_2" name="Login" time="9.621"/>
  <system-out/>
</testsuite> <!-- Com.ORANGE.TestCases.TC_2 -->
